<?xml version="1.0" encoding="UTF-8"?>
<testng-results skipped="0" failed="0" ignored="0" total="1" passed="1">
  <reporter-output>
  </reporter-output>
  <suite name="Default suite" duration-ms="1985" started-at="2018-07-04T16:36:34Z" finished-at="2018-07-04T16:36:36Z">
    <groups>
    </groups>
    <test name="Default test" duration-ms="1985" started-at="2018-07-04T16:36:34Z" finished-at="2018-07-04T16:36:36Z">
      <class name="com.test.restassured.postrequests.PostRequest">
        <test-method status="PASS" signature="setup()[pri:0, instance:com.test.restassured.postrequests.PostRequest@10399e]" name="setup" is-config="true" duration-ms="8" started-at="2018-07-04T22:06:34Z" finished-at="2018-07-04T22:06:34Z">
          <reporter-output>
          </reporter-output>
        </test-method> <!-- setup -->
        <test-method status="PASS" signature="firstPostRequest()[pri:0, instance:com.test.restassured.postrequests.PostRequest@10399e]" name="firstPostRequest" duration-ms="1950" started-at="2018-07-04T22:06:34Z" finished-at="2018-07-04T22:06:36Z">
          <reporter-output>
          </reporter-output>
        </test-method> <!-- firstPostRequest -->
      </class> <!-- com.test.restassured.postrequests.PostRequest -->
    </test> <!-- Default test -->
  </suite> <!-- Default suite -->
</testng-results>
