<?xml version="1.0" encoding="UTF-8"?>
<testng-results skipped="0" failed="0" ignored="0" total="2" passed="2">
  <reporter-output>
  </reporter-output>
  <suite name="Default suite" duration-ms="33" started-at="2018-07-14T03:47:08Z" finished-at="2018-07-14T03:47:08Z">
    <groups>
    </groups>
    <test name="Default test" duration-ms="33" started-at="2018-07-14T03:47:08Z" finished-at="2018-07-14T03:47:08Z">
      <class name="annotaions.Annotations">
        <test-method status="PASS" signature="test1()[pri:0, instance:annotaions.Annotations@7946e1f4]" name="test1" duration-ms="9" started-at="2018-07-14T09:17:08Z" finished-at="2018-07-14T09:17:08Z">
          <reporter-output>
          </reporter-output>
        </test-method> <!-- test1 -->
        <test-method status="PASS" signature="test2()[pri:0, instance:annotaions.Annotations@7946e1f4]" name="test2" duration-ms="1" started-at="2018-07-14T09:17:08Z" finished-at="2018-07-14T09:17:08Z">
          <reporter-output>
          </reporter-output>
        </test-method> <!-- test2 -->
      </class> <!-- annotaions.Annotations -->
    </test> <!-- Default test -->
  </suite> <!-- Default suite -->
</testng-results>
