<?xml version="1.0" encoding="UTF-8"?>
<!-- Generated by org.testng.reporters.JUnitXMLReporter -->
<testsuite hostname="U6043473-TPL-A" ignored="1" name="Default test(failed)" tests="1" failures="1" timestamp="14 Jul 2018 04:36:12 GMT" time="2.589" errors="0">
  <testcase name="openWebpage" time="2.566" classname="testNg.Testng">
    <failure type="java.lang.AssertionError" message="expected [true] but found [false]">
      <![CDATA[java.lang.AssertionError: expected [true] but found [false]
	at testNg.Testng.openWebpage(Testng.java:21)
... Removed 29 stack frames]]>
    </failure>
  </testcase> <!-- openWebpage -->
  <testcase name="launchbrowser" time="0.0" classname="testNg.Testng">
    <ignored/>
  </testcase> <!-- launchbrowser -->
</testsuite> <!-- Default test(failed) -->
