<?xml version="1.0" encoding="UTF-8"?>
<!-- Generated by org.testng.reporters.JUnitXMLReporter -->
<testsuite hostname="U6043473-TPL-A" ignored="2" name="smoke test" tests="2" failures="0" timestamp="25 Mar 2018 12:10:21 GMT" time="0.028" errors="0">
  <testcase name="test1" time="0.005" classname="annotaions.Annotations"/>
  <testcase name="test2" time="0.001" classname="annotaions.Annotations"/>
  <testcase name="@BeforeSuite doItBeforeSuite" time="0.0" classname="annotaions.Annotations2">
    <ignored/>
  </testcase> <!-- @BeforeSuite doItBeforeSuite -->
  <testcase name="@AfterSuite doItAfterSuite" time="0.0" classname="annotaions.Annotations2">
    <ignored/>
  </testcase> <!-- @AfterSuite doItAfterSuite -->
</testsuite> <!-- smoke test -->
