<?xml version="1.0" encoding="UTF-8"?>
<!-- Generated by org.testng.reporters.JUnitXMLReporter -->
<testsuite hostname="U6043473-TPL-A" ignored="2" name="smoke test" tests="3" failures="0" timestamp="25 Mar 2018 12:16:49 GMT" time="0.038" errors="0">
  <testcase name="test1" time="0.006" classname="annotaions.Annotations"/>
  <testcase name="test2" time="0.002" classname="annotaions.Annotations"/>
  <testcase name="test1" time="0.002" classname="pack2.Class1"/>
  <testcase name="@BeforeSuite doItBeforeSuite" time="0.0" classname="annotaions.Annotations2">
    <ignored/>
  </testcase> <!-- @BeforeSuite doItBeforeSuite -->
  <testcase name="@AfterSuite doItAfterSuite" time="0.0" classname="annotaions.Annotations2">
    <ignored/>
  </testcase> <!-- @AfterSuite doItAfterSuite -->
</testsuite> <!-- smoke test -->
