<?xml version="1.0" encoding="UTF-8"?>
<!-- Generated by org.testng.reporters.JUnitXMLReporter -->
<testsuite hostname="U6043473-TPL-A" ignored="0" name="chrome test" tests="3" failures="0" timestamp="24 Apr 2018 15:45:59 GMT" time="41.214" errors="0">
  <testcase name="navigateMethods" time="9.85" classname="seleniumprograms.BaseClass"/>
  <testcase name="readConfigFile" time="22.182" classname="seleniumprograms.BaseClass"/>
  <testcase name="resizeWindow" time="0.275" classname="seleniumprograms.BaseClass"/>
</testsuite> <!-- chrome test -->
